<?xml version="1.0" encoding="UTF-8"?>
<!-- Generated by org.testng.reporters.JUnitReportReporter -->
<testsuite hostname="DESKTOP-J58A09V" failures="0" tests="1" name="SeleniumAutomation.FirstTest.Login" time="14.693" errors="0" timestamp="2023-12-01T23:53:23 PKT" skipped="0">
  <testcase classname="SeleniumAutomation.FirstTest.Login" name="sitelogin" time="14.693"/>
  <system-out/>
</testsuite> <!-- SeleniumAutomation.FirstTest.Login -->
