<?xml version="1.0" encoding="UTF-8"?>
<!-- Generated by org.testng.reporters.JUnitReportReporter -->
<testsuite hostname="DESKTOP-J58A09V" failures="0" tests="2" name="SeleniumAutomation.FirstTest.Classn3" time="0.013" errors="0" timestamp="2023-12-01T23:53:23 PKT" skipped="0">
  <testcase classname="SeleniumAutomation.FirstTest.Classn3" name="test10" time="0.002"/>
  <system-out/>
  <testcase classname="SeleniumAutomation.FirstTest.Classn3" name="test11" time="0.011"/>
  <system-out/>
</testsuite> <!-- SeleniumAutomation.FirstTest.Classn3 -->
