<?xml version="1.0" encoding="UTF-8"?>
<!-- Generated by org.testng.reporters.JUnitReportReporter -->
<testsuite hostname="DESKTOP-J58A09V" failures="0" tests="4" name="SeleniumAutomation.FirstTest.Classn1" time="0.013" errors="0" timestamp="2023-12-01T23:53:23 PKT" skipped="0">
  <testcase classname="SeleniumAutomation.FirstTest.Classn1" name="test4" time="0.002"/>
  <system-out/>
  <testcase classname="SeleniumAutomation.FirstTest.Classn1" name="test3" time="0.003"/>
  <system-out/>
  <testcase classname="SeleniumAutomation.FirstTest.Classn1" name="test2" time="0.007"/>
  <system-out/>
  <testcase classname="SeleniumAutomation.FirstTest.Classn1" name="test1" time="0.001"/>
  <system-out/>
</testsuite> <!-- SeleniumAutomation.FirstTest.Classn1 -->
