<?xml version="1.0" encoding="UTF-8"?>
<!-- Generated by org.testng.reporters.JUnitReportReporter -->
<testsuite hostname="DESKTOP-J58A09V" failures="0" tests="2" name="SeleniumAutomation.FirstTest.NewOne" time="0.031" errors="0" timestamp="2023-12-02T00:00:45 PKT" skipped="0">
  <testcase classname="SeleniumAutomation.FirstTest.NewOne" name="test2" time="0.028"/>
  <system-out/>
  <testcase classname="SeleniumAutomation.FirstTest.NewOne" name="test3" time="0.003"/>
  <system-out/>
</testsuite> <!-- SeleniumAutomation.FirstTest.NewOne -->
