<?xml version="1.0" encoding="UTF-8"?>
<!-- Generated by org.testng.reporters.JUnitReportReporter -->
<testsuite hostname="DESKTOP-J58A09V" failures="0" tests="1" name="SeleniumAutomation.FirstTest.Classn4" time="0.016" errors="0" timestamp="2023-11-30T18:09:23 PKT" skipped="0">
  <testcase classname="SeleniumAutomation.FirstTest.Classn4" name="test13" time="0.016"/>
  <system-out/>
</testsuite> <!-- SeleniumAutomation.FirstTest.Classn4 -->
