<?xml version="1.0" encoding="UTF-8"?>
<!-- Generated by org.testng.reporters.JUnitReportReporter -->
<testsuite hostname="DESKTOP-J58A09V" failures="0" tests="2" name="SeleniumAutomation.FirstTest.Classn2" time="0.012" errors="0" timestamp="2023-12-01T23:53:23 PKT" skipped="0">
  <testcase classname="SeleniumAutomation.FirstTest.Classn2" name="test6" time="0.008"/>
  <system-out/>
  <testcase classname="SeleniumAutomation.FirstTest.Classn2" name="test7" time="0.004"/>
  <system-out/>
</testsuite> <!-- SeleniumAutomation.FirstTest.Classn2 -->
